<?xml version="1.0" encoding="UTF-8"?>
<!-- Generated by org.testng.reporters.JUnitXMLReporter -->
<testsuite ignored="0" hostname="DESKTOP-CB4HQLB" failures="0" tests="2" name="Surefire test" time="0.101" errors="0" timestamp="2025-04-27T13:04:17 IST">
  <testcase classname="tests.IndexHeatmapTest" name="@BeforeClass setUp" time="0.053">
    <failure type="java.lang.IllegalStateException" message="The driver executable must exist: C:\msedgedriver.exe">
      <![CDATA[java.lang.IllegalStateException: The driver executable must exist: C:\msedgedriver.exe
at org.openqa.selenium.internal.Require$FileStateChecker.isFile(Require.java:342)
at org.openqa.selenium.remote.service.DriverService.checkExecutable(DriverService.java:147)
at org.openqa.selenium.remote.service.DriverService.findExecutable(DriverService.java:142)
at org.openqa.selenium.edge.EdgeDriverService.access$000(EdgeDriverService.java:40)
at org.openqa.selenium.edge.EdgeDriverService$Builder.findDefaultExecutable(EdgeDriverService.java:176)
at org.openqa.selenium.remote.service.DriverService$Builder.build(DriverService.java:437)
at org.openqa.selenium.edge.EdgeDriver.<init>(EdgeDriver.java:46)
at org.openqa.selenium.edge.EdgeDriver.<init>(EdgeDriver.java:42)
at tests.IndexHeatmapTest.setUp(IndexHeatmapTest.java:22)
at java.base/java.util.ArrayList.forEach(ArrayList.java:1596)
... Removed 28 stack frames]]>
    </failure>
  </testcase> <!-- @BeforeClass setUp -->
  <testcase classname="tests.IndexHeatmapTest" name="@AfterClass tearDown" time="0.0">
    <skipped/>
  </testcase> <!-- @AfterClass tearDown -->
  <testcase classname="tests.MarketWatchTest" name="@BeforeMethod setUp" time="0.001">
    <failure type="java.lang.IllegalStateException" message="The driver executable must exist: C:\msedgedriver.exe">
      <![CDATA[java.lang.IllegalStateException: The driver executable must exist: C:\msedgedriver.exe
at org.openqa.selenium.internal.Require$FileStateChecker.isFile(Require.java:342)
at org.openqa.selenium.remote.service.DriverService.checkExecutable(DriverService.java:147)
at org.openqa.selenium.remote.service.DriverService.findExecutable(DriverService.java:142)
at org.openqa.selenium.edge.EdgeDriverService.access$000(EdgeDriverService.java:40)
at org.openqa.selenium.edge.EdgeDriverService$Builder.findDefaultExecutable(EdgeDriverService.java:176)
at org.openqa.selenium.remote.service.DriverService$Builder.build(DriverService.java:437)
at org.openqa.selenium.edge.EdgeDriver.<init>(EdgeDriver.java:46)
at tests.MarketWatchTest.setUp(MarketWatchTest.java:31)
at java.base/java.util.ArrayList.forEach(ArrayList.java:1596)
... Removed 34 stack frames]]>
    </failure>
  </testcase> <!-- @BeforeMethod setUp -->
  <testcase classname="tests.MarketWatchTest" name="@AfterMethod tearDown" time="0.0">
    <skipped/>
  </testcase> <!-- @AfterMethod tearDown -->
  <testcase classname="tests.IndexHeatmapTest" name="analyzeIndexHeatmap" time="0.001">
    <skipped/>
  </testcase> <!-- analyzeIndexHeatmap -->
  <testcase classname="tests.MarketWatchTest" name="captureInstruments" time="0.0">
    <skipped/>
  </testcase> <!-- captureInstruments -->
</testsuite> <!-- Surefire test -->
